  [1m[35m (6.7ms)[0m  [1m[34mSELECT sqlite_version(*)[0m
  [1m[35m (16.1ms)[0m  [1m[35mCREATE TABLE "schema_migrations" ("version" varchar NOT NULL PRIMARY KEY)[0m
  [1m[35m (9.7ms)[0m  [1m[35mCREATE TABLE "ar_internal_metadata" ("key" varchar NOT NULL PRIMARY KEY, "value" varchar, "created_at" datetime(6) NOT NULL, "updated_at" datetime(6) NOT NULL)[0m
  [1m[35m (0.3ms)[0m  [1m[34mSELECT "schema_migrations"."version" FROM "schema_migrations" ORDER BY "schema_migrations"."version" ASC[0m
Migrating to CreatePosts (20200307154057)
  [1m[35m (0.1ms)[0m  [1m[36mbegin transaction[0m
  [1m[35m (1.9ms)[0m  [1m[35mCREATE TABLE "posts" ("id" integer PRIMARY KEY AUTOINCREMENT NOT NULL, "room" varchar, "user_id" varchar, "name_id" varchar, "created_at" datetime(6) NOT NULL, "updated_at" datetime(6) NOT NULL)[0m
  [1m[36mprimary::SchemaMigration Create (0.3ms)[0m  [1m[32mINSERT INTO "schema_migrations" ("version") VALUES (?)[0m  [["version", "20200307154057"]]
  [1m[35m (12.8ms)[0m  [1m[36mcommit transaction[0m
  [1m[36mActiveRecord::InternalMetadata Load (0.3ms)[0m  [1m[34mSELECT "ar_internal_metadata".* FROM "ar_internal_metadata" WHERE "ar_internal_metadata"."key" = ? LIMIT ?[0m  [["key", "environment"], ["LIMIT", 1]]
  [1m[35m (0.1ms)[0m  [1m[36mbegin transaction[0m
  [1m[36mActiveRecord::InternalMetadata Create (1.4ms)[0m  [1m[32mINSERT INTO "ar_internal_metadata" ("key", "value", "created_at", "updated_at") VALUES (?, ?, ?, ?)[0m  [["key", "environment"], ["value", "development"], ["created_at", "2020-03-07 15:41:51.624145"], ["updated_at", "2020-03-07 15:41:51.624145"]]
  [1m[35m (6.6ms)[0m  [1m[36mcommit transaction[0m
  [1m[35m (0.1ms)[0m  [1m[34mSELECT sqlite_version(*)[0m
  [1m[35m (0.2ms)[0m  [1m[34mSELECT "schema_migrations"."version" FROM "schema_migrations" ORDER BY "schema_migrations"."version" ASC[0m
  [1m[35m (5.0ms)[0m  [1m[34mSELECT sqlite_version(*)[0m
  [1m[35m (0.4ms)[0m  [1m[34mSELECT "schema_migrations"."version" FROM "schema_migrations" ORDER BY "schema_migrations"."version" ASC[0m
Migrating to CreateUsers (20200307154325)
  [1m[35m (0.1ms)[0m  [1m[36mbegin transaction[0m
  [1m[35m (3.4ms)[0m  [1m[35mCREATE TABLE "users" ("id" integer PRIMARY KEY AUTOINCREMENT NOT NULL, "name" varchar, "email" varchar, "password" varchar, "created_at" datetime(6) NOT NULL, "updated_at" datetime(6) NOT NULL)[0m
  [1m[36mprimary::SchemaMigration Create (0.2ms)[0m  [1m[32mINSERT INTO "schema_migrations" ("version") VALUES (?)[0m  [["version", "20200307154325"]]
  [1m[35m (12.3ms)[0m  [1m[36mcommit transaction[0m
  [1m[36mActiveRecord::InternalMetadata Load (0.3ms)[0m  [1m[34mSELECT "ar_internal_metadata".* FROM "ar_internal_metadata" WHERE "ar_internal_metadata"."key" = ? LIMIT ?[0m  [["key", "environment"], ["LIMIT", 1]]
  [1m[35m (0.1ms)[0m  [1m[34mSELECT sqlite_version(*)[0m
  [1m[35m (0.3ms)[0m  [1m[34mSELECT "schema_migrations"."version" FROM "schema_migrations" ORDER BY "schema_migrations"."version" ASC[0m
  [1m[35m (5.9ms)[0m  [1m[34mSELECT sqlite_version(*)[0m
  [1m[35m (0.3ms)[0m  [1m[34mSELECT "schema_migrations"."version" FROM "schema_migrations" ORDER BY "schema_migrations"."version" ASC[0m
Migrating to CreateChats (20200307154517)
  [1m[35m (0.1ms)[0m  [1m[36mbegin transaction[0m
  [1m[35m (3.1ms)[0m  [1m[35mCREATE TABLE "chats" ("id" integer PRIMARY KEY AUTOINCREMENT NOT NULL, "name" varchar, "room_id" varchar, "content" text, "created_at" datetime(6) NOT NULL, "updated_at" datetime(6) NOT NULL)[0m
  [1m[36mprimary::SchemaMigration Create (0.3ms)[0m  [1m[32mINSERT INTO "schema_migrations" ("version") VALUES (?)[0m  [["version", "20200307154517"]]
  [1m[35m (14.0ms)[0m  [1m[36mcommit transaction[0m
  [1m[36mActiveRecord::InternalMetadata Load (0.4ms)[0m  [1m[34mSELECT "ar_internal_metadata".* FROM "ar_internal_metadata" WHERE "ar_internal_metadata"."key" = ? LIMIT ?[0m  [["key", "environment"], ["LIMIT", 1]]
  [1m[35m (0.1ms)[0m  [1m[34mSELECT sqlite_version(*)[0m
  [1m[35m (0.3ms)[0m  [1m[34mSELECT "schema_migrations"."version" FROM "schema_migrations" ORDER BY "schema_migrations"."version" ASC[0m
Started GET "/user/login" for ::1 at 2020-03-08 00:46:17 +0900
  [1m[35m (7.1ms)[0m  [1m[34mSELECT sqlite_version(*)[0m
  [1m[35m (0.3ms)[0m  [1m[34mSELECT "schema_migrations"."version" FROM "schema_migrations" ORDER BY "schema_migrations"."version" ASC[0m
Processing by UserController#login as HTML
  Rendering user/login.html.erb within layouts/application
  Rendered user/login.html.erb within layouts/application (Duration: 6.1ms | Allocations: 297)
[Webpacker] Compiling...
[Webpacker] Compiled all packs in C:/Users/g036fe/free-talk2/public/packs
[Webpacker] Hash: 32e57f147dbdcbbf0c82
Version: webpack 4.42.0
Time: 9018ms
Built at: 2020-03-08 0:46:37
                                     Asset       Size       Chunks                         Chunk Names
    js/application-bbe9c4a129ab949e0636.js    124 KiB  application  [emitted] [immutable]  application
js/application-bbe9c4a129ab949e0636.js.map    139 KiB  application  [emitted] [dev]        application
                             manifest.json  364 bytes               [emitted]              
Entrypoint application = js/application-bbe9c4a129ab949e0636.js js/application-bbe9c4a129ab949e0636.js.map
[./app/javascript/channels sync recursive _channel\.js$] ./app/javascript/channels sync _channel\.js$ 160 bytes {application} [built]
[./app/javascript/channels/index.js] 211 bytes {application} [built]
[./app/javascript/packs/application.js] 749 bytes {application} [built]
[./node_modules/webpack/buildin/module.js] (webpack)/buildin/module.js 552 bytes {application} [built]
    + 3 hidden modules

Completed 200 OK in 20515ms (Views: 20493.2ms | ActiveRecord: 0.0ms | Allocations: 18813)


Started GET "/user/login" for ::1 at 2020-03-08 00:47:30 +0900
Processing by UserController#login as HTML
  Rendering user/login.html.erb within layouts/application
  Rendered user/login.html.erb within layouts/application (Duration: 1.6ms | Allocations: 336)
[Webpacker] Everything's up-to-date. Nothing to do
Completed 200 OK in 70ms (Views: 66.5ms | ActiveRecord: 0.0ms | Allocations: 5336)


Started GET "/user/create" for ::1 at 2020-03-08 00:47:35 +0900
Processing by UserController#create as HTML
  Rendering user/create.html.erb within layouts/application
  Rendered user/create.html.erb within layouts/application (Duration: 2.8ms | Allocations: 364)
[Webpacker] Everything's up-to-date. Nothing to do
Completed 200 OK in 114ms (Views: 73.0ms | ActiveRecord: 6.5ms | Allocations: 8992)


Started POST "/user/new" for ::1 at 2020-03-08 00:47:41 +0900
Processing by UserController#new as HTML
  Parameters: {"authenticity_token"=>"2CHFaNbS+9VyyZ0725h/ytVQ+Oikc0UIUQ1w4pSFOz2XXnAkKVld03XGoseDCJYd6XbG9dtePR0Zh0NXKQoSkw==", "name"=>"1", "email"=>"1", "password"=>"[FILTERED]"}
  [1m[35m (0.2ms)[0m  [1m[36mbegin transaction[0m
  ↳ app/controllers/user_controller.rb:11:in `new'
  [1m[36mUser Create (2.2ms)[0m  [1m[32mINSERT INTO "users" ("name", "email", "password", "created_at", "updated_at") VALUES (?, ?, ?, ?, ?)[0m  [["name", "1"], ["email", "1"], ["password", "1"], ["created_at", "2020-03-07 15:47:41.905872"], ["updated_at", "2020-03-07 15:47:41.905872"]]
  ↳ app/controllers/user_controller.rb:11:in `new'
  [1m[35m (16.5ms)[0m  [1m[36mcommit transaction[0m
  ↳ app/controllers/user_controller.rb:11:in `new'
Redirected to http://localhost:3000/post/top
Completed 302 Found in 45ms (ActiveRecord: 18.8ms | Allocations: 2694)


Started GET "/post/top" for ::1 at 2020-03-08 00:47:41 +0900
Processing by PostController#top as HTML
  Rendering post/top.html.erb within layouts/application
  [1m[36mPost Load (1.9ms)[0m  [1m[34mSELECT "posts".* FROM "posts" ORDER BY "posts"."created_at" DESC[0m
  ↳ app/views/post/top.html.erb:14
  Rendered post/top.html.erb within layouts/application (Duration: 8.7ms | Allocations: 1021)
[Webpacker] Everything's up-to-date. Nothing to do
Completed 200 OK in 87ms (Views: 74.2ms | ActiveRecord: 2.9ms | Allocations: 6179)


Started GET "/post/create" for ::1 at 2020-03-08 00:47:46 +0900
Processing by PostController#create as HTML
  Rendering post/create.html.erb within layouts/application
  Rendered post/create.html.erb within layouts/application (Duration: 1.5ms | Allocations: 236)
[Webpacker] Everything's up-to-date. Nothing to do
Completed 200 OK in 67ms (Views: 61.6ms | ActiveRecord: 0.0ms | Allocations: 4343)


Started POST "/post/new" for ::1 at 2020-03-08 00:47:49 +0900
Processing by PostController#new as HTML
  Parameters: {"authenticity_token"=>"R+kOAajzCp4s+7Ixl8F5FrcCaho8/oxUR9yrIK/QFi8vwWNukrHF9DgCYpeCBiEEg2iSMIG9cm+ZJEtDjzdlqw==", "room"=>"11"}
  [1m[36mPost Load (0.5ms)[0m  [1m[34mSELECT "posts".* FROM "posts" WHERE "posts"."user_id" = ? LIMIT ?[0m  [["user_id", "1"], ["LIMIT", 1]]
  ↳ app/controllers/post_controller.rb:11:in `new'
  [1m[35m (0.1ms)[0m  [1m[36mbegin transaction[0m
  ↳ app/controllers/post_controller.rb:13:in `new'
  [1m[36mPost Create (1.9ms)[0m  [1m[32mINSERT INTO "posts" ("room", "user_id", "name_id", "created_at", "updated_at") VALUES (?, ?, ?, ?, ?)[0m  [["room", "11"], ["user_id", "1"], ["name_id", "1"], ["created_at", "2020-03-07 15:47:49.788285"], ["updated_at", "2020-03-07 15:47:49.788285"]]
  ↳ app/controllers/post_controller.rb:13:in `new'
  [1m[35m (8.7ms)[0m  [1m[36mcommit transaction[0m
  ↳ app/controllers/post_controller.rb:13:in `new'
Redirected to http://localhost:3000/room/1/top
Completed 302 Found in 55ms (ActiveRecord: 13.2ms | Allocations: 7008)


Started GET "/room/1/top" for ::1 at 2020-03-08 00:47:49 +0900
Processing by RoomController#top as HTML
  Parameters: {"id"=>"1"}
  [1m[36mPost Load (0.5ms)[0m  [1m[34mSELECT "posts".* FROM "posts" WHERE "posts"."id" = ? LIMIT ?[0m  [["id", 1], ["LIMIT", 1]]
  ↳ app/controllers/room_controller.rb:3:in `top'
  Rendering room/top.html.erb within layouts/application
  [1m[36mChat Load (0.6ms)[0m  [1m[34mSELECT "chats".* FROM "chats" WHERE "chats"."room_id" = ? ORDER BY "chats"."created_at" DESC[0m  [["room_id", "1"]]
  ↳ app/views/room/top.html.erb:15
  Rendered room/top.html.erb within layouts/application (Duration: 7.1ms | Allocations: 1104)
[Webpacker] Everything's up-to-date. Nothing to do
Completed 200 OK in 85ms (Views: 69.0ms | ActiveRecord: 2.8ms | Allocations: 6986)


Started GET "/post/exit" for ::1 at 2020-03-08 00:47:52 +0900
Processing by PostController#exit as HTML
Redirected to http://localhost:3000/post/top
Completed 302 Found in 4ms (ActiveRecord: 0.0ms | Allocations: 305)


Started GET "/post/top" for ::1 at 2020-03-08 00:47:52 +0900
Processing by PostController#top as HTML
  Rendering post/top.html.erb within layouts/application
  [1m[36mPost Load (0.3ms)[0m  [1m[34mSELECT "posts".* FROM "posts" ORDER BY "posts"."created_at" DESC[0m
  ↳ app/views/post/top.html.erb:14
  Rendered post/top.html.erb within layouts/application (Duration: 4.9ms | Allocations: 748)
[Webpacker] Everything's up-to-date. Nothing to do
Completed 200 OK in 83ms (Views: 81.2ms | ActiveRecord: 0.3ms | Allocations: 4821)


Started GET "/room/1/top" for ::1 at 2020-03-08 00:47:54 +0900
Processing by RoomController#top as HTML
  Parameters: {"id"=>"1"}
  [1m[36mPost Load (0.4ms)[0m  [1m[34mSELECT "posts".* FROM "posts" WHERE "posts"."id" = ? LIMIT ?[0m  [["id", 1], ["LIMIT", 1]]
  ↳ app/controllers/room_controller.rb:3:in `top'
  Rendering room/top.html.erb within layouts/application
  [1m[36mChat Load (0.3ms)[0m  [1m[34mSELECT "chats".* FROM "chats" WHERE "chats"."room_id" = ? ORDER BY "chats"."created_at" DESC[0m  [["room_id", "1"]]
  ↳ app/views/room/top.html.erb:15
  Rendered room/top.html.erb within layouts/application (Duration: 7.2ms | Allocations: 738)
[Webpacker] Everything's up-to-date. Nothing to do
Completed 200 OK in 79ms (Views: 73.2ms | ActiveRecord: 0.7ms | Allocations: 5349)


Started POST "/room/1/create" for ::1 at 2020-03-08 00:47:57 +0900
Processing by RoomController#create as HTML
  Parameters: {"authenticity_token"=>"YI8GFQoj2cATOCUU67JXk4yl10FP04Saacp19aqUP+TD/t4WyrUsUFX0FteyKfZpw6EV3/CCFNyaTj9pKlWPTg==", "content"=>"gsr", "id"=>"1"}
  [1m[35m (0.1ms)[0m  [1m[36mbegin transaction[0m
  ↳ app/controllers/room_controller.rb:9:in `create'
  [1m[36mChat Create (3.0ms)[0m  [1m[32mINSERT INTO "chats" ("name", "room_id", "content", "created_at", "updated_at") VALUES (?, ?, ?, ?, ?)[0m  [["name", "1"], ["room_id", "1"], ["content", "gsr"], ["created_at", "2020-03-07 15:47:57.457923"], ["updated_at", "2020-03-07 15:47:57.457923"]]
  ↳ app/controllers/room_controller.rb:9:in `create'
  [1m[35m (16.5ms)[0m  [1m[36mcommit transaction[0m
  ↳ app/controllers/room_controller.rb:9:in `create'
Redirected to http://localhost:3000/room/1/top
Completed 302 Found in 45ms (ActiveRecord: 22.1ms | Allocations: 5857)


Started GET "/room/1/top" for ::1 at 2020-03-08 00:47:57 +0900
Processing by RoomController#top as HTML
  Parameters: {"id"=>"1"}
  [1m[36mPost Load (0.7ms)[0m  [1m[34mSELECT "posts".* FROM "posts" WHERE "posts"."id" = ? LIMIT ?[0m  [["id", 1], ["LIMIT", 1]]
  ↳ app/controllers/room_controller.rb:3:in `top'
  Rendering room/top.html.erb within layouts/application
  [1m[36mChat Load (0.3ms)[0m  [1m[34mSELECT "chats".* FROM "chats" WHERE "chats"."room_id" = ? ORDER BY "chats"."created_at" DESC[0m  [["room_id", "1"]]
  ↳ app/views/room/top.html.erb:15
  Rendered room/top.html.erb within layouts/application (Duration: 7.7ms | Allocations: 799)
[Webpacker] Everything's up-to-date. Nothing to do
Completed 200 OK in 65ms (Views: 57.2ms | ActiveRecord: 1.0ms | Allocations: 5419)


Started GET "/post/exit" for ::1 at 2020-03-08 00:48:05 +0900
Processing by PostController#exit as HTML
Redirected to http://localhost:3000/post/top
Completed 302 Found in 2ms (ActiveRecord: 0.0ms | Allocations: 298)


Started GET "/post/top" for ::1 at 2020-03-08 00:48:05 +0900
Processing by PostController#top as HTML
  Rendering post/top.html.erb within layouts/application
  [1m[36mPost Load (0.3ms)[0m  [1m[34mSELECT "posts".* FROM "posts" ORDER BY "posts"."created_at" DESC[0m
  ↳ app/views/post/top.html.erb:14
  Rendered post/top.html.erb within layouts/application (Duration: 5.5ms | Allocations: 738)
[Webpacker] Everything's up-to-date. Nothing to do
Completed 200 OK in 77ms (Views: 75.4ms | ActiveRecord: 0.3ms | Allocations: 4807)


Started GET "/post/create" for ::1 at 2020-03-08 00:48:12 +0900
Processing by PostController#create as HTML
  Rendering post/create.html.erb within layouts/application
  Rendered post/create.html.erb within layouts/application (Duration: 0.8ms | Allocations: 93)
[Webpacker] Everything's up-to-date. Nothing to do
Completed 200 OK in 60ms (Views: 58.6ms | ActiveRecord: 0.0ms | Allocations: 4092)


Started POST "/post/new" for ::1 at 2020-03-08 00:48:14 +0900
Processing by PostController#new as HTML
  Parameters: {"authenticity_token"=>"Yl7XcjMOFEOXD1n7fdYt5ksbM1r2SvN6GNNoO8qiRdoKdrodCUzbKYP2iV1oEXX0f3HLcEsJDUHGK4hY6kU2Xg==", "room"=>"aef"}
  [1m[36mPost Load (0.4ms)[0m  [1m[34mSELECT "posts".* FROM "posts" WHERE "posts"."user_id" = ? LIMIT ?[0m  [["user_id", "1"], ["LIMIT", 1]]
  ↳ app/controllers/post_controller.rb:11:in `new'
Redirected to http://localhost:3000/post/top
Completed 302 Found in 6ms (ActiveRecord: 0.4ms | Allocations: 862)


Started GET "/post/top" for ::1 at 2020-03-08 00:48:14 +0900
Processing by PostController#top as HTML
  Rendering post/top.html.erb within layouts/application
  [1m[36mPost Load (0.3ms)[0m  [1m[34mSELECT "posts".* FROM "posts" ORDER BY "posts"."created_at" DESC[0m
  ↳ app/views/post/top.html.erb:14
  Rendered post/top.html.erb within layouts/application (Duration: 4.8ms | Allocations: 748)
Started POST "/post/new" for ::1 at 2020-03-08 00:48:15 +0900
[Webpacker] Everything's up-to-date. Nothing to do
Completed 200 OK in 81ms (Views: 78.6ms | ActiveRecord: 0.3ms | Allocations: 5328)


Processing by PostController#new as HTML
  Parameters: {"authenticity_token"=>"Yl7XcjMOFEOXD1n7fdYt5ksbM1r2SvN6GNNoO8qiRdoKdrodCUzbKYP2iV1oEXX0f3HLcEsJDUHGK4hY6kU2Xg==", "room"=>"aef"}
  [1m[36mPost Load (0.6ms)[0m  [1m[34mSELECT "posts".* FROM "posts" WHERE "posts"."user_id" = ? LIMIT ?[0m  [["user_id", "1"], ["LIMIT", 1]]
  ↳ app/controllers/post_controller.rb:11:in `new'
Redirected to http://localhost:3000/post/top
Completed 302 Found in 7ms (ActiveRecord: 0.6ms | Allocations: 889)


Started GET "/post/top" for ::1 at 2020-03-08 00:48:15 +0900
Processing by PostController#top as HTML
  Rendering post/top.html.erb within layouts/application
  [1m[36mPost Load (0.5ms)[0m  [1m[34mSELECT "posts".* FROM "posts" ORDER BY "posts"."created_at" DESC[0m
  ↳ app/views/post/top.html.erb:14
  Rendered post/top.html.erb within layouts/application (Duration: 3.1ms | Allocations: 743)
[Webpacker] Everything's up-to-date. Nothing to do
Completed 200 OK in 69ms (Views: 64.6ms | ActiveRecord: 0.5ms | Allocations: 4810)


Started GET "/user/1/edit" for ::1 at 2020-03-08 00:48:19 +0900
Processing by UserController#edit as HTML
  Parameters: {"id"=>"1"}
  [1m[36mUser Load (0.7ms)[0m  [1m[34mSELECT "users".* FROM "users" WHERE "users"."id" = ? LIMIT ?[0m  [["id", 1], ["LIMIT", 1]]
  ↳ app/controllers/user_controller.rb:41:in `edit'
  Rendering user/edit.html.erb within layouts/application
  Rendered user/edit.html.erb within layouts/application (Duration: 1.6ms | Allocations: 237)
[Webpacker] Everything's up-to-date. Nothing to do
Completed 200 OK in 104ms (Views: 97.0ms | ActiveRecord: 0.7ms | Allocations: 5047)


Started POST "/user/1/change" for ::1 at 2020-03-08 00:48:22 +0900
Processing by UserController#change as HTML
  Parameters: {"authenticity_token"=>"2YVrCRPaoPpXod7fNMYme1eLvA0mnxo8Y5eWLqNLCdEvGpXjvx7Gs1CZ6XD3wP/NlL9UvOtPJmzfLBQPVryTDA==", "name"=>"124e", "id"=>"1"}
  [1m[36mUser Load (0.6ms)[0m  [1m[34mSELECT "users".* FROM "users" WHERE "users"."id" = ? LIMIT ?[0m  [["id", 1], ["LIMIT", 1]]
  ↳ app/controllers/user_controller.rb:45:in `change'
  [1m[35m (0.1ms)[0m  [1m[36mbegin transaction[0m
  ↳ app/controllers/user_controller.rb:47:in `change'
  [1m[36mUser Update (1.6ms)[0m  [1m[33mUPDATE "users" SET "name" = ?, "updated_at" = ? WHERE "users"."id" = ?[0m  [["name", "124e"], ["updated_at", "2020-03-07 15:48:22.663839"], ["id", 1]]
  ↳ app/controllers/user_controller.rb:47:in `change'
  [1m[35m (7.1ms)[0m  [1m[36mcommit transaction[0m
  ↳ app/controllers/user_controller.rb:47:in `change'
  [1m[36mPost Load (0.3ms)[0m  [1m[34mSELECT "posts".* FROM "posts" WHERE "posts"."user_id" = ? LIMIT ?[0m  [["user_id", "1"], ["LIMIT", 1]]
  ↳ app/controllers/user_controller.rb:48:in `change'
  [1m[35m (0.1ms)[0m  [1m[36mbegin transaction[0m
  ↳ app/controllers/user_controller.rb:50:in `change'
  [1m[36mPost Update (1.4ms)[0m  [1m[33mUPDATE "posts" SET "name_id" = ?, "updated_at" = ? WHERE "posts"."id" = ?[0m  [["name_id", "124e"], ["updated_at", "2020-03-07 15:48:22.688948"], ["id", 1]]
  ↳ app/controllers/user_controller.rb:50:in `change'
  [1m[35m (9.5ms)[0m  [1m[36mcommit transaction[0m
  ↳ app/controllers/user_controller.rb:50:in `change'
Redirected to http://localhost:3000/post/top
Completed 302 Found in 53ms (ActiveRecord: 20.7ms | Allocations: 5572)


Started GET "/post/top" for ::1 at 2020-03-08 00:48:22 +0900
Processing by PostController#top as HTML
  Rendering post/top.html.erb within layouts/application
  [1m[36mPost Load (1.4ms)[0m  [1m[34mSELECT "posts".* FROM "posts" ORDER BY "posts"."created_at" DESC[0m
  ↳ app/views/post/top.html.erb:14
  Rendered post/top.html.erb within layouts/application (Duration: 6.4ms | Allocations: 741)
[Webpacker] Everything's up-to-date. Nothing to do
Completed 200 OK in 72ms (Views: 69.1ms | ActiveRecord: 1.4ms | Allocations: 4801)


Started GET "/room/1/top" for ::1 at 2020-03-08 00:48:25 +0900
Processing by RoomController#top as HTML
  Parameters: {"id"=>"1"}
  [1m[36mPost Load (0.5ms)[0m  [1m[34mSELECT "posts".* FROM "posts" WHERE "posts"."id" = ? LIMIT ?[0m  [["id", 1], ["LIMIT", 1]]
  ↳ app/controllers/room_controller.rb:3:in `top'
  Rendering room/top.html.erb within layouts/application
  [1m[36mChat Load (1.1ms)[0m  [1m[34mSELECT "chats".* FROM "chats" WHERE "chats"."room_id" = ? ORDER BY "chats"."created_at" DESC[0m  [["room_id", "1"]]
  ↳ app/views/room/top.html.erb:15
  Rendered room/top.html.erb within layouts/application (Duration: 8.3ms | Allocations: 791)
[Webpacker] Everything's up-to-date. Nothing to do
Completed 200 OK in 89ms (Views: 80.9ms | ActiveRecord: 1.6ms | Allocations: 5418)


Started GET "/post/exit" for ::1 at 2020-03-08 00:48:27 +0900
Processing by PostController#exit as HTML
Redirected to http://localhost:3000/post/top
Completed 302 Found in 2ms (ActiveRecord: 0.0ms | Allocations: 302)


Started GET "/post/top" for ::1 at 2020-03-08 00:48:28 +0900
Processing by PostController#top as HTML
  Rendering post/top.html.erb within layouts/application
  [1m[36mPost Load (0.4ms)[0m  [1m[34mSELECT "posts".* FROM "posts" ORDER BY "posts"."created_at" DESC[0m
  ↳ app/views/post/top.html.erb:14
  Rendered post/top.html.erb within layouts/application (Duration: 4.1ms | Allocations: 738)
[Webpacker] Everything's up-to-date. Nothing to do
Completed 200 OK in 65ms (Views: 62.9ms | ActiveRecord: 0.4ms | Allocations: 4815)


Started GET "/user/logout" for ::1 at 2020-03-08 00:48:32 +0900
Processing by UserController#logout as HTML
Redirected to http://localhost:3000/user/login
Completed 302 Found in 3ms (ActiveRecord: 0.0ms | Allocations: 314)


Started GET "/user/login" for ::1 at 2020-03-08 00:48:33 +0900
Processing by UserController#login as HTML
  Rendering user/login.html.erb within layouts/application
  Rendered user/login.html.erb within layouts/application (Duration: 0.8ms | Allocations: 93)
[Webpacker] Everything's up-to-date. Nothing to do
Completed 200 OK in 87ms (Views: 85.2ms | ActiveRecord: 0.0ms | Allocations: 4097)


Started GET "/user/create" for ::1 at 2020-03-08 00:48:35 +0900
Processing by UserController#create as HTML
  Rendering user/create.html.erb within layouts/application
  Rendered user/create.html.erb within layouts/application (Duration: 0.6ms | Allocations: 102)
[Webpacker] Everything's up-to-date. Nothing to do
Completed 200 OK in 82ms (Views: 79.8ms | ActiveRecord: 0.0ms | Allocations: 4115)


Started POST "/user/new" for ::1 at 2020-03-08 00:48:42 +0900
Processing by UserController#new as HTML
  Parameters: {"authenticity_token"=>"gmgJBfSy+Jk54cNozIyEwFc0npUtpV5wjw/fUIz0JevNF7xJCzlenz7u/JSUHG0XaxKgiFKIJmXHhezlMXsMRQ==", "name"=>"2", "email"=>"2", "password"=>"[FILTERED]"}
  [1m[35m (0.1ms)[0m  [1m[36mbegin transaction[0m
  ↳ app/controllers/user_controller.rb:11:in `new'
  [1m[36mUser Create (3.4ms)[0m  [1m[32mINSERT INTO "users" ("name", "email", "password", "created_at", "updated_at") VALUES (?, ?, ?, ?, ?)[0m  [["name", "2"], ["email", "2"], ["password", "2"], ["created_at", "2020-03-07 15:48:42.578740"], ["updated_at", "2020-03-07 15:48:42.578740"]]
  ↳ app/controllers/user_controller.rb:11:in `new'
  [1m[35m (7.9ms)[0m  [1m[36mcommit transaction[0m
  ↳ app/controllers/user_controller.rb:11:in `new'
Redirected to http://localhost:3000/post/top
Completed 302 Found in 30ms (ActiveRecord: 11.4ms | Allocations: 2427)


Started GET "/post/top" for ::1 at 2020-03-08 00:48:42 +0900
Processing by PostController#top as HTML
  Rendering post/top.html.erb within layouts/application
  [1m[36mPost Load (2.7ms)[0m  [1m[34mSELECT "posts".* FROM "posts" ORDER BY "posts"."created_at" DESC[0m
  ↳ app/views/post/top.html.erb:14
  Rendered post/top.html.erb within layouts/application (Duration: 6.1ms | Allocations: 738)
[Webpacker] Everything's up-to-date. Nothing to do
Completed 200 OK in 75ms (Views: 71.1ms | ActiveRecord: 2.7ms | Allocations: 4788)


Started GET "/room/1/top" for ::1 at 2020-03-08 00:48:45 +0900
Processing by RoomController#top as HTML
  Parameters: {"id"=>"1"}
  [1m[36mPost Load (0.4ms)[0m  [1m[34mSELECT "posts".* FROM "posts" WHERE "posts"."id" = ? LIMIT ?[0m  [["id", 1], ["LIMIT", 1]]
  ↳ app/controllers/room_controller.rb:3:in `top'
  Rendering room/top.html.erb within layouts/application
  [1m[36mChat Load (0.5ms)[0m  [1m[34mSELECT "chats".* FROM "chats" WHERE "chats"."room_id" = ? ORDER BY "chats"."created_at" DESC[0m  [["room_id", "1"]]
  ↳ app/views/room/top.html.erb:15
  Rendered room/top.html.erb within layouts/application (Duration: 5.2ms | Allocations: 761)
[Webpacker] Everything's up-to-date. Nothing to do
Completed 200 OK in 82ms (Views: 75.8ms | ActiveRecord: 0.9ms | Allocations: 5387)


Started GET "/post/exit" for ::1 at 2020-03-08 00:48:46 +0900
Processing by PostController#exit as HTML
Redirected to http://localhost:3000/post/top
Completed 302 Found in 3ms (ActiveRecord: 0.0ms | Allocations: 300)


Started GET "/post/top" for ::1 at 2020-03-08 00:48:46 +0900
Processing by PostController#top as HTML
  Rendering post/top.html.erb within layouts/application
  [1m[36mPost Load (0.4ms)[0m  [1m[34mSELECT "posts".* FROM "posts" ORDER BY "posts"."created_at" DESC[0m
  ↳ app/views/post/top.html.erb:14
  Rendered post/top.html.erb within layouts/application (Duration: 6.7ms | Allocations: 738)
[Webpacker] Everything's up-to-date. Nothing to do
Completed 200 OK in 86ms (Views: 83.8ms | ActiveRecord: 0.4ms | Allocations: 4797)


Started GET "/post/create" for ::1 at 2020-03-08 00:48:48 +0900
Processing by PostController#create as HTML
  Rendering post/create.html.erb within layouts/application
  Rendered post/create.html.erb within layouts/application (Duration: 2.1ms | Allocations: 93)
[Webpacker] Everything's up-to-date. Nothing to do
Completed 200 OK in 76ms (Views: 73.9ms | ActiveRecord: 0.0ms | Allocations: 4099)


Started POST "/post/new" for ::1 at 2020-03-08 00:48:51 +0900
Processing by PostController#new as HTML
  Parameters: {"authenticity_token"=>"N3R3gThoqVP2mLHL+aw3ZWg6lPpSqIzq8BoTixEH+kVfXBruAipmOeJhYW3sa293XFBs0O/rctEu4vPoMeCJwQ==", "room"=>"qefklq"}
  [1m[36mPost Load (0.4ms)[0m  [1m[34mSELECT "posts".* FROM "posts" WHERE "posts"."user_id" = ? LIMIT ?[0m  [["user_id", "2"], ["LIMIT", 1]]
  ↳ app/controllers/post_controller.rb:11:in `new'
  [1m[35m (0.1ms)[0m  [1m[36mbegin transaction[0m
  ↳ app/controllers/post_controller.rb:13:in `new'
  [1m[36mPost Create (3.6ms)[0m  [1m[32mINSERT INTO "posts" ("room", "user_id", "name_id", "created_at", "updated_at") VALUES (?, ?, ?, ?, ?)[0m  [["room", "qefklq"], ["user_id", "2"], ["name_id", "2"], ["created_at", "2020-03-07 15:48:51.852173"], ["updated_at", "2020-03-07 15:48:51.852173"]]
  ↳ app/controllers/post_controller.rb:13:in `new'
  [1m[35m (7.5ms)[0m  [1m[36mcommit transaction[0m
  ↳ app/controllers/post_controller.rb:13:in `new'
Redirected to http://localhost:3000/room/2/top
Completed 302 Found in 32ms (ActiveRecord: 11.5ms | Allocations: 2887)


Started GET "/room/2/top" for ::1 at 2020-03-08 00:48:51 +0900
Processing by RoomController#top as HTML
  Parameters: {"id"=>"2"}
  [1m[36mPost Load (0.6ms)[0m  [1m[34mSELECT "posts".* FROM "posts" WHERE "posts"."id" = ? LIMIT ?[0m  [["id", 2], ["LIMIT", 1]]
  ↳ app/controllers/room_controller.rb:3:in `top'
  Rendering room/top.html.erb within layouts/application
  [1m[36mChat Load (0.3ms)[0m  [1m[34mSELECT "chats".* FROM "chats" WHERE "chats"."room_id" = ? ORDER BY "chats"."created_at" DESC[0m  [["room_id", "2"]]
  ↳ app/views/room/top.html.erb:15
  Rendered room/top.html.erb within layouts/application (Duration: 8.9ms | Allocations: 738)
[Webpacker] Everything's up-to-date. Nothing to do
Completed 200 OK in 72ms (Views: 65.0ms | ActiveRecord: 1.0ms | Allocations: 5353)


Started GET "/post/exit" for ::1 at 2020-03-08 00:48:53 +0900
Processing by PostController#exit as HTML
Redirected to http://localhost:3000/post/top
Completed 302 Found in 8ms (ActiveRecord: 0.0ms | Allocations: 300)


Started GET "/post/top" for ::1 at 2020-03-08 00:48:53 +0900
Processing by PostController#top as HTML
  Rendering post/top.html.erb within layouts/application
  [1m[36mPost Load (0.5ms)[0m  [1m[34mSELECT "posts".* FROM "posts" ORDER BY "posts"."created_at" DESC[0m
  ↳ app/views/post/top.html.erb:14
  Rendered post/top.html.erb within layouts/application (Duration: 7.6ms | Allocations: 798)
[Webpacker] Everything's up-to-date. Nothing to do
Completed 200 OK in 70ms (Views: 67.5ms | ActiveRecord: 0.5ms | Allocations: 4880)


Started GET "/room/1/top" for ::1 at 2020-03-08 00:48:56 +0900
Processing by RoomController#top as HTML
  Parameters: {"id"=>"1"}
  [1m[36mPost Load (0.5ms)[0m  [1m[34mSELECT "posts".* FROM "posts" WHERE "posts"."id" = ? LIMIT ?[0m  [["id", 1], ["LIMIT", 1]]
  ↳ app/controllers/room_controller.rb:3:in `top'
  Rendering room/top.html.erb within layouts/application
  [1m[36mChat Load (0.5ms)[0m  [1m[34mSELECT "chats".* FROM "chats" WHERE "chats"."room_id" = ? ORDER BY "chats"."created_at" DESC[0m  [["room_id", "1"]]
  ↳ app/views/room/top.html.erb:15
  Rendered room/top.html.erb within layouts/application (Duration: 4.1ms | Allocations: 761)
[Webpacker] Everything's up-to-date. Nothing to do
Completed 200 OK in 88ms (Views: 80.8ms | ActiveRecord: 1.0ms | Allocations: 5371)


Started POST "/room/1/create" for ::1 at 2020-03-08 00:48:59 +0900
Processing by RoomController#create as HTML
  Parameters: {"authenticity_token"=>"7gzFDTueAmoBEsK/ge5MldjlWE3Du5TE4nqciXY5tNJNfR0O+wj3+kfe8XzYde1vl+Ga03zqBIIR/tYV9vgEeA==", "content"=>"qefqk", "id"=>"1"}
  [1m[35m (0.1ms)[0m  [1m[36mbegin transaction[0m
  ↳ app/controllers/room_controller.rb:9:in `create'
  [1m[36mChat Create (3.2ms)[0m  [1m[32mINSERT INTO "chats" ("name", "room_id", "content", "created_at", "updated_at") VALUES (?, ?, ?, ?, ?)[0m  [["name", "2"], ["room_id", "1"], ["content", "qefqk"], ["created_at", "2020-03-07 15:48:59.421783"], ["updated_at", "2020-03-07 15:48:59.421783"]]
  ↳ app/controllers/room_controller.rb:9:in `create'
  [1m[35m (24.1ms)[0m  [1m[36mcommit transaction[0m
  ↳ app/controllers/room_controller.rb:9:in `create'
Redirected to http://localhost:3000/room/1/top
Completed 302 Found in 47ms (ActiveRecord: 27.5ms | Allocations: 2444)


Started GET "/room/1/top" for ::1 at 2020-03-08 00:48:59 +0900
Processing by RoomController#top as HTML
  Parameters: {"id"=>"1"}
  [1m[36mPost Load (0.5ms)[0m  [1m[34mSELECT "posts".* FROM "posts" WHERE "posts"."id" = ? LIMIT ?[0m  [["id", 1], ["LIMIT", 1]]
  ↳ app/controllers/room_controller.rb:3:in `top'
  Rendering room/top.html.erb within layouts/application
  [1m[36mChat Load (0.5ms)[0m  [1m[34mSELECT "chats".* FROM "chats" WHERE "chats"."room_id" = ? ORDER BY "chats"."created_at" DESC[0m  [["room_id", "1"]]
  ↳ app/views/room/top.html.erb:15
  Rendered room/top.html.erb within layouts/application (Duration: 6.1ms | Allocations: 811)
[Webpacker] Everything's up-to-date. Nothing to do
Completed 200 OK in 78ms (Views: 70.6ms | ActiveRecord: 1.0ms | Allocations: 5423)


Started GET "/post/exit" for ::1 at 2020-03-08 00:49:09 +0900
Processing by PostController#exit as HTML
Redirected to http://localhost:3000/post/top
Completed 302 Found in 7ms (ActiveRecord: 0.0ms | Allocations: 304)


Started GET "/post/top" for ::1 at 2020-03-08 00:49:09 +0900
Processing by PostController#top as HTML
  Rendering post/top.html.erb within layouts/application
  [1m[36mPost Load (0.4ms)[0m  [1m[34mSELECT "posts".* FROM "posts" ORDER BY "posts"."created_at" DESC[0m
  ↳ app/views/post/top.html.erb:14
  Rendered post/top.html.erb within layouts/application (Duration: 6.0ms | Allocations: 798)
[Webpacker] Everything's up-to-date. Nothing to do
Completed 200 OK in 85ms (Views: 82.9ms | ActiveRecord: 0.4ms | Allocations: 4865)


Started GET "/user/2/edit" for ::1 at 2020-03-08 00:49:13 +0900
Processing by UserController#edit as HTML
  Parameters: {"id"=>"2"}
  [1m[36mUser Load (0.5ms)[0m  [1m[34mSELECT "users".* FROM "users" WHERE "users"."id" = ? LIMIT ?[0m  [["id", 2], ["LIMIT", 1]]
  ↳ app/controllers/user_controller.rb:41:in `edit'
  Rendering user/edit.html.erb within layouts/application
  Rendered user/edit.html.erb within layouts/application (Duration: 1.4ms | Allocations: 95)
[Webpacker] Everything's up-to-date. Nothing to do
Completed 200 OK in 77ms (Views: 70.4ms | ActiveRecord: 0.5ms | Allocations: 4637)


Started POST "/user/2/change" for ::1 at 2020-03-08 00:49:16 +0900
Processing by UserController#change as HTML
  Parameters: {"authenticity_token"=>"eB+jA/yhGE0BI9cYhuiE0NnoJZXUiwQVSmTup0k1oLISl7CLsXO1cgLAaulyOw2smVKansigXiGTsSBmD4Ljbw==", "name"=>"qfeqaef", "id"=>"2"}
  [1m[36mUser Load (0.6ms)[0m  [1m[34mSELECT "users".* FROM "users" WHERE "users"."id" = ? LIMIT ?[0m  [["id", 2], ["LIMIT", 1]]
  ↳ app/controllers/user_controller.rb:45:in `change'
  [1m[35m (0.2ms)[0m  [1m[36mbegin transaction[0m
  ↳ app/controllers/user_controller.rb:47:in `change'
  [1m[36mUser Update (4.9ms)[0m  [1m[33mUPDATE "users" SET "name" = ?, "updated_at" = ? WHERE "users"."id" = ?[0m  [["name", "qfeqaef"], ["updated_at", "2020-03-07 15:49:16.700457"], ["id", 2]]
  ↳ app/controllers/user_controller.rb:47:in `change'
  [1m[35m (12.5ms)[0m  [1m[36mcommit transaction[0m
  ↳ app/controllers/user_controller.rb:47:in `change'
  [1m[36mPost Load (0.4ms)[0m  [1m[34mSELECT "posts".* FROM "posts" WHERE "posts"."user_id" = ? LIMIT ?[0m  [["user_id", "2"], ["LIMIT", 1]]
  ↳ app/controllers/user_controller.rb:48:in `change'
  [1m[35m (0.1ms)[0m  [1m[36mbegin transaction[0m
  ↳ app/controllers/user_controller.rb:50:in `change'
  [1m[36mPost Update (2.0ms)[0m  [1m[33mUPDATE "posts" SET "name_id" = ?, "updated_at" = ? WHERE "posts"."id" = ?[0m  [["name_id", "qfeqaef"], ["updated_at", "2020-03-07 15:49:16.736623"], ["id", 2]]
  ↳ app/controllers/user_controller.rb:50:in `change'
  [1m[35m (9.4ms)[0m  [1m[36mcommit transaction[0m
  ↳ app/controllers/user_controller.rb:50:in `change'
Redirected to http://localhost:3000/post/top
Completed 302 Found in 66ms (ActiveRecord: 30.0ms | Allocations: 5524)


Started GET "/post/top" for ::1 at 2020-03-08 00:49:16 +0900
Started POST "/user/2/change" for ::1 at 2020-03-08 00:49:16 +0900
Processing by PostController#top as HTML
  Rendering post/top.html.erb within layouts/application
  [1m[36mPost Load (0.3ms)[0m  [1m[34mSELECT "posts".* FROM "posts" ORDER BY "posts"."created_at" DESC[0m
  ↳ app/views/post/top.html.erb:14
  Rendered post/top.html.erb within layouts/application (Duration: 4.5ms | Allocations: 803)
  [1m[35m (0.5ms)[0m  [1m[34mSELECT sqlite_version(*)[0m
Processing by UserController#change as HTML
  Parameters: {"authenticity_token"=>"eB+jA/yhGE0BI9cYhuiE0NnoJZXUiwQVSmTup0k1oLISl7CLsXO1cgLAaulyOw2smVKansigXiGTsSBmD4Ljbw==", "name"=>"qfeqaef", "id"=>"2"}
  [1m[36mUser Load (0.4ms)[0m  [1m[34mSELECT "users".* FROM "users" WHERE "users"."id" = ? LIMIT ?[0m  [["id", 2], ["LIMIT", 1]]
  ↳ app/controllers/user_controller.rb:45:in `change'
  [1m[36mPost Load (0.4ms)[0m  [1m[34mSELECT "posts".* FROM "posts" WHERE "posts"."user_id" = ? LIMIT ?[0m  [["user_id", "2"], ["LIMIT", 1]]
  ↳ app/controllers/user_controller.rb:48:in `change'
Redirected to http://localhost:3000/post/top
Completed 302 Found in 17ms (ActiveRecord: 0.8ms | Allocations: 2348)


[Webpacker] Everything's up-to-date. Nothing to do
Completed 200 OK in 83ms (Views: 80.4ms | ActiveRecord: 0.3ms | Allocations: 8481)


Started GET "/post/top" for ::1 at 2020-03-08 00:49:17 +0900
Processing by PostController#top as HTML
  Rendering post/top.html.erb within layouts/application
  [1m[36mPost Load (0.4ms)[0m  [1m[34mSELECT "posts".* FROM "posts" ORDER BY "posts"."created_at" DESC[0m
  ↳ app/views/post/top.html.erb:14
  Rendered post/top.html.erb within layouts/application (Duration: 5.3ms | Allocations: 798)
[Webpacker] Everything's up-to-date. Nothing to do
Completed 200 OK in 74ms (Views: 71.6ms | ActiveRecord: 0.4ms | Allocations: 4851)


Started GET "/room/1/top" for ::1 at 2020-03-08 00:49:18 +0900
Processing by RoomController#top as HTML
  Parameters: {"id"=>"1"}
  [1m[36mPost Load (0.4ms)[0m  [1m[34mSELECT "posts".* FROM "posts" WHERE "posts"."id" = ? LIMIT ?[0m  [["id", 1], ["LIMIT", 1]]
  ↳ app/controllers/room_controller.rb:3:in `top'
  Rendering room/top.html.erb within layouts/application
  [1m[36mChat Load (0.5ms)[0m  [1m[34mSELECT "chats".* FROM "chats" WHERE "chats"."room_id" = ? ORDER BY "chats"."created_at" DESC[0m  [["room_id", "1"]]
  ↳ app/views/room/top.html.erb:15
  Rendered room/top.html.erb within layouts/application (Duration: 10.6ms | Allocations: 811)
[Webpacker] Everything's up-to-date. Nothing to do
Completed 200 OK in 98ms (Views: 91.7ms | ActiveRecord: 0.9ms | Allocations: 5429)


Started POST "/room/1/create" for ::1 at 2020-03-08 00:49:21 +0900
Processing by RoomController#create as HTML
  Parameters: {"authenticity_token"=>"ITpWPP1T7icedJyjX8tryo3ysQLhY0ILBPBjQt1QymSCS44/PcUbt1i4r2AGUMowwvZznF4y0k33dCneXZF6zg==", "content"=>"qf", "id"=>"1"}
  [1m[35m (0.1ms)[0m  [1m[36mbegin transaction[0m
  ↳ app/controllers/room_controller.rb:9:in `create'
  [1m[36mChat Create (3.0ms)[0m  [1m[32mINSERT INTO "chats" ("name", "room_id", "content", "created_at", "updated_at") VALUES (?, ?, ?, ?, ?)[0m  [["name", "qfeqaef"], ["room_id", "1"], ["content", "qf"], ["created_at", "2020-03-07 15:49:21.426620"], ["updated_at", "2020-03-07 15:49:21.426620"]]
  ↳ app/controllers/room_controller.rb:9:in `create'
  [1m[35m (9.4ms)[0m  [1m[36mcommit transaction[0m
  ↳ app/controllers/room_controller.rb:9:in `create'
Redirected to http://localhost:3000/room/1/top
Completed 302 Found in 49ms (ActiveRecord: 12.4ms | Allocations: 2392)


Started GET "/room/1/top" for ::1 at 2020-03-08 00:49:21 +0900
Processing by RoomController#top as HTML
  Parameters: {"id"=>"1"}
  [1m[36mPost Load (0.4ms)[0m  [1m[34mSELECT "posts".* FROM "posts" WHERE "posts"."id" = ? LIMIT ?[0m  [["id", 1], ["LIMIT", 1]]
  ↳ app/controllers/room_controller.rb:3:in `top'
  Rendering room/top.html.erb within layouts/application
  [1m[36mChat Load (0.4ms)[0m  [1m[34mSELECT "chats".* FROM "chats" WHERE "chats"."room_id" = ? ORDER BY "chats"."created_at" DESC[0m  [["room_id", "1"]]
  ↳ app/views/room/top.html.erb:15
  Rendered room/top.html.erb within layouts/application (Duration: 6.1ms | Allocations: 861)
[Webpacker] Everything's up-to-date. Nothing to do
Completed 200 OK in 74ms (Views: 67.9ms | ActiveRecord: 0.8ms | Allocations: 5474)


Started GET "/post/exit" for ::1 at 2020-03-08 01:55:29 +0900
  [1m[35m (0.1ms)[0m  [1m[34mSELECT sqlite_version(*)[0m
Processing by PostController#exit as HTML
Redirected to http://localhost:3000/post/top
Completed 302 Found in 2ms (ActiveRecord: 0.0ms | Allocations: 302)


Started GET "/post/top" for ::1 at 2020-03-08 01:55:29 +0900
Processing by PostController#top as HTML
  Rendering post/top.html.erb within layouts/application
  [1m[36mPost Load (0.4ms)[0m  [1m[34mSELECT "posts".* FROM "posts" ORDER BY "posts"."created_at" DESC[0m
  ↳ app/views/post/top.html.erb:14
  Rendered post/top.html.erb within layouts/application (Duration: 4.5ms | Allocations: 818)
[Webpacker] Everything's up-to-date. Nothing to do
Completed 200 OK in 76ms (Views: 72.9ms | ActiveRecord: 0.4ms | Allocations: 4892)


Started GET "/room/2/top" for ::1 at 2020-03-08 01:55:34 +0900
Processing by RoomController#top as HTML
  Parameters: {"id"=>"2"}
  [1m[36mPost Load (0.5ms)[0m  [1m[34mSELECT "posts".* FROM "posts" WHERE "posts"."id" = ? LIMIT ?[0m  [["id", 2], ["LIMIT", 1]]
  ↳ app/controllers/room_controller.rb:3:in `top'
  Rendering room/top.html.erb within layouts/application
  [1m[36mChat Load (0.3ms)[0m  [1m[34mSELECT "chats".* FROM "chats" WHERE "chats"."room_id" = ? ORDER BY "chats"."created_at" DESC[0m  [["room_id", "2"]]
  ↳ app/views/room/top.html.erb:15
  Rendered room/top.html.erb within layouts/application (Duration: 4.6ms | Allocations: 755)
[Webpacker] Everything's up-to-date. Nothing to do
Completed 200 OK in 66ms (Views: 60.5ms | ActiveRecord: 0.9ms | Allocations: 5398)


Started POST "/room/2/destroy" for ::1 at 2020-03-08 01:55:37 +0900
Processing by RoomController#destroy as HTML
  Parameters: {"authenticity_token"=>"aD1+S4QHt/6SDCzcsGvb1bWvJw2Dk1EDFcESRlN2+owAFRMkvkV4lIb1/HqlrIPHgcXfJz7QrzjLOfIlc5GJCA==", "id"=>"2"}
  [1m[36mChat Load (0.4ms)[0m  [1m[34mSELECT "chats".* FROM "chats" WHERE "chats"."room_id" = ?[0m  [["room_id", "2"]]
  ↳ app/controllers/room_controller.rb:20:in `destroy'
  [1m[36mPost Load (0.3ms)[0m  [1m[34mSELECT "posts".* FROM "posts" WHERE "posts"."id" = ? LIMIT ?[0m  [["id", 2], ["LIMIT", 1]]
  ↳ app/controllers/room_controller.rb:21:in `destroy'
  [1m[35m (0.1ms)[0m  [1m[36mbegin transaction[0m
  ↳ app/controllers/room_controller.rb:22:in `destroy'
  [1m[36mPost Destroy (3.1ms)[0m  [1m[31mDELETE FROM "posts" WHERE "posts"."id" = ?[0m  [["id", 2]]
  ↳ app/controllers/room_controller.rb:22:in `destroy'
  [1m[35m (12.4ms)[0m  [1m[36mcommit transaction[0m
  ↳ app/controllers/room_controller.rb:22:in `destroy'
Redirected to http://localhost:3000/post/top
Completed 302 Found in 32ms (ActiveRecord: 16.3ms | Allocations: 3194)


Started GET "/post/top" for ::1 at 2020-03-08 01:55:37 +0900
Processing by PostController#top as HTML
  Rendering post/top.html.erb within layouts/application
  [1m[36mPost Load (0.3ms)[0m  [1m[34mSELECT "posts".* FROM "posts" ORDER BY "posts"."created_at" DESC[0m
  ↳ app/views/post/top.html.erb:14
  Rendered post/top.html.erb within layouts/application (Duration: 5.3ms | Allocations: 738)
[Webpacker] Everything's up-to-date. Nothing to do
Completed 200 OK in 48ms (Views: 45.7ms | ActiveRecord: 0.3ms | Allocations: 4786)


Started GET "/user/logout" for ::1 at 2020-03-08 01:55:48 +0900
Processing by UserController#logout as HTML
Redirected to http://localhost:3000/user/login
Completed 302 Found in 2ms (ActiveRecord: 0.0ms | Allocations: 298)


Started GET "/user/login" for ::1 at 2020-03-08 01:55:48 +0900
Processing by UserController#login as HTML
  Rendering user/login.html.erb within layouts/application
  Rendered user/login.html.erb within layouts/application (Duration: 0.5ms | Allocations: 93)
[Webpacker] Everything's up-to-date. Nothing to do
Completed 200 OK in 52ms (Views: 50.8ms | ActiveRecord: 0.0ms | Allocations: 4112)


Started POST "/user/confirm" for ::1 at 2020-03-08 01:56:26 +0900
Processing by UserController#confirm as HTML
  Parameters: {"authenticity_token"=>"OqBxC82zJNPHEOlmpqBpFNsBPl5jw04v+DTeRJO/xSBKkLl7RJLiFxiUCPhmpJhwf1YHTPwLrpHZ8vRee1Hjgw==", "email"=>"3", "password"=>"[FILTERED]"}
  [1m[36mUser Load (0.6ms)[0m  [1m[34mSELECT "users".* FROM "users" WHERE "users"."email" = ? AND "users"."password" = ? LIMIT ?[0m  [["email", "3"], ["password", "3"], ["LIMIT", 1]]
  ↳ app/controllers/user_controller.rb:21:in `confirm'
  Rendering user/login.html.erb within layouts/application
  Rendered user/login.html.erb within layouts/application (Duration: 0.3ms | Allocations: 96)
[Webpacker] Everything's up-to-date. Nothing to do
Completed 200 OK in 47ms (Views: 42.8ms | ActiveRecord: 0.6ms | Allocations: 4762)


Started GET "/user/login" for ::1 at 2020-03-08 11:06:22 +0900
  [1m[35m (9.7ms)[0m  [1m[34mSELECT sqlite_version(*)[0m
  [1m[35m (0.6ms)[0m  [1m[34mSELECT "schema_migrations"."version" FROM "schema_migrations" ORDER BY "schema_migrations"."version" ASC[0m
Processing by UserController#login as HTML
  Rendering user/login.html.erb within layouts/application
  Rendered user/login.html.erb within layouts/application (Duration: 10.2ms | Allocations: 592)
[Webpacker] Everything's up-to-date. Nothing to do
Completed 200 OK in 221ms (Views: 192.1ms | ActiveRecord: 0.0ms | Allocations: 8598)


Started POST "/user/confirm" for ::1 at 2020-03-08 11:06:30 +0900
Processing by UserController#confirm as HTML
  Parameters: {"authenticity_token"=>"gn/7aY+5uwNiiC+nEk43A5rvdge5g6QPD/rFZz3JO5z7Nfd4NP2Z6K66wJNBxgX6SWmjiEGj+XT9msVAaM8SRg==", "email"=>"1", "password"=>"[FILTERED]"}
  [1m[36mUser Load (0.6ms)[0m  [1m[34mSELECT "users".* FROM "users" WHERE "users"."email" = ? AND "users"."password" = ? LIMIT ?[0m  [["email", "1"], ["password", "1"], ["LIMIT", 1]]
  ↳ app/controllers/user_controller.rb:21:in `confirm'
Redirected to http://localhost:3000/post/top
Completed 302 Found in 40ms (ActiveRecord: 3.0ms | Allocations: 6087)


Started GET "/post/top" for ::1 at 2020-03-08 11:06:30 +0900
Processing by PostController#top as HTML
  Rendering post/top.html.erb within layouts/application
  [1m[36mPost Load (0.6ms)[0m  [1m[34mSELECT "posts".* FROM "posts" ORDER BY "posts"."created_at" DESC[0m
  ↳ app/views/post/top.html.erb:14
  Rendered post/top.html.erb within layouts/application (Duration: 17.1ms | Allocations: 4519)
[Webpacker] Everything's up-to-date. Nothing to do
Completed 200 OK in 98ms (Views: 86.9ms | ActiveRecord: 2.5ms | Allocations: 9677)


Started POST "/user/confirm" for ::1 at 2020-03-08 11:36:32 +0900
  [1m[35m (0.1ms)[0m  [1m[34mSELECT sqlite_version(*)[0m
Processing by UserController#confirm as HTML
  Parameters: {"authenticity_token"=>"gn/7aY+5uwNiiC+nEk43A5rvdge5g6QPD/rFZz3JO5z7Nfd4NP2Z6K66wJNBxgX6SWmjiEGj+XT9msVAaM8SRg==", "email"=>"1", "password"=>"[FILTERED]"}
  [1m[36mUser Load (0.4ms)[0m  [1m[34mSELECT "users".* FROM "users" WHERE "users"."email" = ? AND "users"."password" = ? LIMIT ?[0m  [["email", "1"], ["password", "1"], ["LIMIT", 1]]
  ↳ app/controllers/user_controller.rb:21:in `confirm'
Redirected to http://localhost:3000/post/top
Completed 302 Found in 4ms (ActiveRecord: 0.4ms | Allocations: 899)


Started GET "/post/top" for ::1 at 2020-03-08 11:36:32 +0900
Processing by PostController#top as HTML
  Rendering post/top.html.erb within layouts/application
  [1m[36mPost Load (0.3ms)[0m  [1m[34mSELECT "posts".* FROM "posts" ORDER BY "posts"."created_at" DESC[0m
  ↳ app/views/post/top.html.erb:14
  Rendered post/top.html.erb within layouts/application (Duration: 2.5ms | Allocations: 759)
[Webpacker] Everything's up-to-date. Nothing to do
Completed 200 OK in 45ms (Views: 44.1ms | ActiveRecord: 0.3ms | Allocations: 4823)


Started GET "/post/create" for ::1 at 2020-03-08 11:36:36 +0900
Processing by PostController#create as HTML
  Rendering post/create.html.erb within layouts/application
  Rendered post/create.html.erb within layouts/application (Duration: 1.3ms | Allocations: 235)
[Webpacker] Everything's up-to-date. Nothing to do
Completed 200 OK in 43ms (Views: 41.0ms | ActiveRecord: 0.0ms | Allocations: 4360)


